<?xml version="1.0" encoding="UTF-8"?>
<testng-results skipped="0" failed="2" ignored="0" total="6" passed="4">
  <reporter-output>
  </reporter-output>
  <suite name="Suite" duration-ms="34903" started-at="2018-02-26T16:11:28Z" finished-at="2018-02-26T16:12:03Z">
    <groups>
    </groups>
    <test name="TestGC" duration-ms="29231" started-at="2018-02-26T16:11:28Z" finished-at="2018-02-26T16:11:57Z">
      <class name="Scripts.ValidLoginLogout">
        <test-method status="PASS" signature="preCondition(org.testng.xml.XmlTest)[pri:0, instance:Scripts.ValidLoginLogout@7471b5]" name="preCondition" is-config="true" duration-ms="8830" started-at="2018-02-26T16:11:28Z" finished-at="2018-02-26T16:11:37Z">
          <params>
            <param index="0">
              <value>
                <![CDATA[org.testng.xml.XmlTest@7cc72a7c]]>
              </value>
            </param>
          </params>
          <reporter-output>
          </reporter-output>
        </test-method> <!-- preCondition -->
        <test-method status="PASS" signature="testValidLoginLogout()[pri:0, instance:Scripts.ValidLoginLogout@7471b5]" name="testValidLoginLogout" duration-ms="5929" started-at="2018-02-26T16:11:37Z" finished-at="2018-02-26T16:11:42Z">
          <reporter-output>
          </reporter-output>
        </test-method> <!-- testValidLoginLogout -->
        <test-method status="PASS" signature="postCondition()[pri:0, instance:Scripts.ValidLoginLogout@7471b5]" name="postCondition" is-config="true" duration-ms="230" started-at="2018-02-26T16:11:42Z" finished-at="2018-02-26T16:11:43Z">
          <reporter-output>
          </reporter-output>
        </test-method> <!-- postCondition -->
      </class> <!-- Scripts.ValidLoginLogout -->
      <class name="Scripts.InvalidLogin">
        <test-method status="PASS" signature="preCondition(org.testng.xml.XmlTest)[pri:0, instance:Scripts.InvalidLogin@157f54e]" name="preCondition" is-config="true" duration-ms="9686" started-at="2018-02-26T16:11:43Z" finished-at="2018-02-26T16:11:52Z">
          <params>
            <param index="0">
              <value>
                <![CDATA[org.testng.xml.XmlTest@7cc72a7c]]>
              </value>
            </param>
          </params>
          <reporter-output>
          </reporter-output>
        </test-method> <!-- preCondition -->
        <test-method status="PASS" signature="testInValidLogin()[pri:0, instance:Scripts.InvalidLogin@157f54e]" name="testInValidLogin" duration-ms="2040" started-at="2018-02-26T16:11:52Z" finished-at="2018-02-26T16:11:54Z">
          <reporter-output>
          </reporter-output>
        </test-method> <!-- testInValidLogin -->
        <test-method status="PASS" signature="postCondition()[pri:0, instance:Scripts.InvalidLogin@157f54e]" name="postCondition" is-config="true" duration-ms="2507" started-at="2018-02-26T16:11:54Z" finished-at="2018-02-26T16:11:57Z">
          <reporter-output>
          </reporter-output>
        </test-method> <!-- postCondition -->
      </class> <!-- Scripts.InvalidLogin -->
    </test> <!-- TestGC -->
    <test name="TestIE" duration-ms="32804" started-at="2018-02-26T16:11:28Z" finished-at="2018-02-26T16:12:00Z">
      <class name="Scripts.ValidLoginLogout">
        <test-method status="PASS" signature="preCondition(org.testng.xml.XmlTest)[pri:0, instance:Scripts.ValidLoginLogout@17d0578]" name="preCondition" is-config="true" duration-ms="4160" started-at="2018-02-26T16:11:28Z" finished-at="2018-02-26T16:11:32Z">
          <params>
            <param index="0">
              <value>
                <![CDATA[org.testng.xml.XmlTest@1226631a]]>
              </value>
            </param>
          </params>
          <reporter-output>
          </reporter-output>
        </test-method> <!-- preCondition -->
        <test-method status="FAIL" signature="testValidLoginLogout()[pri:0, instance:Scripts.ValidLoginLogout@17d0578]" name="testValidLoginLogout" duration-ms="11815" started-at="2018-02-26T16:11:32Z" finished-at="2018-02-26T16:11:44Z">
          <exception class="org.openqa.selenium.NoSuchElementException">
            <message>
              <![CDATA[Unable to find element with css selector == #logoutLink
For documentation on this error, please visit: http://seleniumhq.org/exceptions/no_such_element.html
Build info: version: '3.9.1', revision: '63f7b50', time: '2018-02-07T22:25:02.294Z'
System info: host: 'AVINASHARADHYA', ip: '192.168.0.103', os.name: 'Windows 10', os.arch: 'x86', os.version: '10.0', java.version: '1.8.0_131'
Driver info: org.openqa.selenium.ie.InternetExplorerDriver
Capabilities {acceptInsecureCerts: false, browserName: internet explorer, browserVersion: 11, javascriptEnabled: true, pageLoadStrategy: normal, platform: WINDOWS, platformName: WINDOWS, proxy: Proxy(), se:ieOptions: {browserAttachTimeout: 0, elementScrollBehavior: 0, enablePersistentHover: true, ie.browserCommandLineSwitches: , ie.ensureCleanSession: false, ie.fileUploadDialogTimeout: 3000, ie.forceCreateProcessApi: false, ignoreProtectedModeSettings: false, ignoreZoomSetting: false, initialBrowserUrl: http://localhost:20305/, nativeEvents: true, requireWindowFocus: false}, setWindowRect: true, timeouts: {implicit: 0, pageLoad: 300000, script: 30000}}
Session ID: 802b899f-811b-419b-a5fd-438498130317
*** Element info: {Using=id, value=logoutLink}]]>
            </message>
            <full-stacktrace>
              <![CDATA[org.openqa.selenium.NoSuchElementException: Unable to find element with css selector == #logoutLink
For documentation on this error, please visit: http://seleniumhq.org/exceptions/no_such_element.html
Build info: version: '3.9.1', revision: '63f7b50', time: '2018-02-07T22:25:02.294Z'
System info: host: 'AVINASHARADHYA', ip: '192.168.0.103', os.name: 'Windows 10', os.arch: 'x86', os.version: '10.0', java.version: '1.8.0_131'
Driver info: org.openqa.selenium.ie.InternetExplorerDriver
Capabilities {acceptInsecureCerts: false, browserName: internet explorer, browserVersion: 11, javascriptEnabled: true, pageLoadStrategy: normal, platform: WINDOWS, platformName: WINDOWS, proxy: Proxy(), se:ieOptions: {browserAttachTimeout: 0, elementScrollBehavior: 0, enablePersistentHover: true, ie.browserCommandLineSwitches: , ie.ensureCleanSession: false, ie.fileUploadDialogTimeout: 3000, ie.forceCreateProcessApi: false, ignoreProtectedModeSettings: false, ignoreZoomSetting: false, initialBrowserUrl: http://localhost:20305/, nativeEvents: true, requireWindowFocus: false}, setWindowRect: true, timeouts: {implicit: 0, pageLoad: 300000, script: 30000}}
Session ID: 802b899f-811b-419b-a5fd-438498130317
*** Element info: {Using=id, value=logoutLink}
at sun.reflect.NativeConstructorAccessorImpl.newInstance0(Native Method)
at sun.reflect.NativeConstructorAccessorImpl.newInstance(NativeConstructorAccessorImpl.java:62)
at sun.reflect.DelegatingConstructorAccessorImpl.newInstance(DelegatingConstructorAccessorImpl.java:45)
at java.lang.reflect.Constructor.newInstance(Constructor.java:423)
at org.openqa.selenium.remote.http.W3CHttpResponseCodec.createException(W3CHttpResponseCodec.java:187)
at org.openqa.selenium.remote.http.W3CHttpResponseCodec.decode(W3CHttpResponseCodec.java:122)
at org.openqa.selenium.remote.http.W3CHttpResponseCodec.decode(W3CHttpResponseCodec.java:49)
at org.openqa.selenium.remote.HttpCommandExecutor.execute(HttpCommandExecutor.java:160)
at org.openqa.selenium.remote.service.DriverCommandExecutor.execute(DriverCommandExecutor.java:83)
at org.openqa.selenium.remote.RemoteWebDriver.execute(RemoteWebDriver.java:601)
at org.openqa.selenium.remote.RemoteWebDriver.findElement(RemoteWebDriver.java:371)
at org.openqa.selenium.remote.RemoteWebDriver.findElementById(RemoteWebDriver.java:417)
at org.openqa.selenium.By$ById.findElement(By.java:218)
at org.openqa.selenium.remote.RemoteWebDriver.findElement(RemoteWebDriver.java:363)
at org.openqa.selenium.support.pagefactory.DefaultElementLocator.findElement(DefaultElementLocator.java:69)
at org.openqa.selenium.support.pagefactory.internal.LocatingElementHandler.invoke(LocatingElementHandler.java:38)
at com.sun.proxy.$Proxy7.click(Unknown Source)
at POMPage.EnterTimeTrackPage.clickLogoutLink(EnterTimeTrackPage.java:18)
at Scripts.ValidLoginLogout.testValidLoginLogout(ValidLoginLogout.java:18)
at sun.reflect.NativeMethodAccessorImpl.invoke0(Native Method)
at sun.reflect.NativeMethodAccessorImpl.invoke(NativeMethodAccessorImpl.java:62)
at sun.reflect.DelegatingMethodAccessorImpl.invoke(DelegatingMethodAccessorImpl.java:43)
at java.lang.reflect.Method.invoke(Method.java:498)
at org.testng.internal.MethodInvocationHelper.invokeMethod(MethodInvocationHelper.java:124)
at org.testng.internal.Invoker.invokeMethod(Invoker.java:580)
at org.testng.internal.Invoker.invokeTestMethod(Invoker.java:716)
at org.testng.internal.Invoker.invokeTestMethods(Invoker.java:988)
at org.testng.internal.TestMethodWorker.invokeTestMethods(TestMethodWorker.java:125)
at org.testng.internal.TestMethodWorker.run(TestMethodWorker.java:109)
at org.testng.TestRunner.privateRun(TestRunner.java:648)
at org.testng.TestRunner.run(TestRunner.java:505)
at org.testng.SuiteRunner.runTest(SuiteRunner.java:455)
at org.testng.SuiteRunner.access$000(SuiteRunner.java:40)
at org.testng.SuiteRunner$SuiteWorker.run(SuiteRunner.java:489)
at org.testng.internal.thread.ThreadUtil$1.call(ThreadUtil.java:52)
at java.util.concurrent.FutureTask.run(FutureTask.java:266)
at java.util.concurrent.ThreadPoolExecutor.runWorker(ThreadPoolExecutor.java:1142)
at java.util.concurrent.ThreadPoolExecutor$Worker.run(ThreadPoolExecutor.java:617)
at java.lang.Thread.run(Thread.java:748)
]]>
            </full-stacktrace>
          </exception> <!-- org.openqa.selenium.NoSuchElementException -->
          <reporter-output>
          </reporter-output>
        </test-method> <!-- testValidLoginLogout -->
        <test-method status="PASS" signature="postCondition()[pri:0, instance:Scripts.ValidLoginLogout@17d0578]" name="postCondition" is-config="true" duration-ms="13" started-at="2018-02-26T16:11:44Z" finished-at="2018-02-26T16:11:44Z">
          <reporter-output>
          </reporter-output>
        </test-method> <!-- postCondition -->
      </class> <!-- Scripts.ValidLoginLogout -->
      <class name="Scripts.InvalidLogin">
        <test-method status="PASS" signature="preCondition(org.testng.xml.XmlTest)[pri:0, instance:Scripts.InvalidLogin@1e84876]" name="preCondition" is-config="true" duration-ms="5222" started-at="2018-02-26T16:11:44Z" finished-at="2018-02-26T16:11:49Z">
          <params>
            <param index="0">
              <value>
                <![CDATA[org.testng.xml.XmlTest@1226631a]]>
              </value>
            </param>
          </params>
          <reporter-output>
          </reporter-output>
        </test-method> <!-- preCondition -->
        <test-method status="FAIL" signature="testInValidLogin()[pri:0, instance:Scripts.InvalidLogin@1e84876]" name="testInValidLogin" duration-ms="11551" started-at="2018-02-26T16:11:49Z" finished-at="2018-02-26T16:12:00Z">
          <exception class="org.openqa.selenium.NoSuchElementException">
            <message>
              <![CDATA[Unable to find element with xpath == //span[text()='Username or Password is invalid. Please try again.']
For documentation on this error, please visit: http://seleniumhq.org/exceptions/no_such_element.html
Build info: version: '3.9.1', revision: '63f7b50', time: '2018-02-07T22:25:02.294Z'
System info: host: 'AVINASHARADHYA', ip: '192.168.0.103', os.name: 'Windows 10', os.arch: 'x86', os.version: '10.0', java.version: '1.8.0_131'
Driver info: org.openqa.selenium.ie.InternetExplorerDriver
Capabilities {acceptInsecureCerts: false, browserName: internet explorer, browserVersion: 11, javascriptEnabled: true, pageLoadStrategy: normal, platform: WINDOWS, platformName: WINDOWS, proxy: Proxy(), se:ieOptions: {browserAttachTimeout: 0, elementScrollBehavior: 0, enablePersistentHover: true, ie.browserCommandLineSwitches: , ie.ensureCleanSession: false, ie.fileUploadDialogTimeout: 3000, ie.forceCreateProcessApi: false, ignoreProtectedModeSettings: false, ignoreZoomSetting: false, initialBrowserUrl: http://localhost:27630/, nativeEvents: true, requireWindowFocus: false}, setWindowRect: true, timeouts: {implicit: 0, pageLoad: 300000, script: 30000}}
Session ID: 8395132a-38b1-4327-af73-13fe451613f7
*** Element info: {Using=xpath, value=//span[text()='Username or Password is invalid. Please try again.']}]]>
            </message>
            <full-stacktrace>
              <![CDATA[org.openqa.selenium.NoSuchElementException: Unable to find element with xpath == //span[text()='Username or Password is invalid. Please try again.']
For documentation on this error, please visit: http://seleniumhq.org/exceptions/no_such_element.html
Build info: version: '3.9.1', revision: '63f7b50', time: '2018-02-07T22:25:02.294Z'
System info: host: 'AVINASHARADHYA', ip: '192.168.0.103', os.name: 'Windows 10', os.arch: 'x86', os.version: '10.0', java.version: '1.8.0_131'
Driver info: org.openqa.selenium.ie.InternetExplorerDriver
Capabilities {acceptInsecureCerts: false, browserName: internet explorer, browserVersion: 11, javascriptEnabled: true, pageLoadStrategy: normal, platform: WINDOWS, platformName: WINDOWS, proxy: Proxy(), se:ieOptions: {browserAttachTimeout: 0, elementScrollBehavior: 0, enablePersistentHover: true, ie.browserCommandLineSwitches: , ie.ensureCleanSession: false, ie.fileUploadDialogTimeout: 3000, ie.forceCreateProcessApi: false, ignoreProtectedModeSettings: false, ignoreZoomSetting: false, initialBrowserUrl: http://localhost:27630/, nativeEvents: true, requireWindowFocus: false}, setWindowRect: true, timeouts: {implicit: 0, pageLoad: 300000, script: 30000}}
Session ID: 8395132a-38b1-4327-af73-13fe451613f7
*** Element info: {Using=xpath, value=//span[text()='Username or Password is invalid. Please try again.']}
at sun.reflect.NativeConstructorAccessorImpl.newInstance0(Native Method)
at sun.reflect.NativeConstructorAccessorImpl.newInstance(NativeConstructorAccessorImpl.java:62)
at sun.reflect.DelegatingConstructorAccessorImpl.newInstance(DelegatingConstructorAccessorImpl.java:45)
at java.lang.reflect.Constructor.newInstance(Constructor.java:423)
at org.openqa.selenium.remote.http.W3CHttpResponseCodec.createException(W3CHttpResponseCodec.java:187)
at org.openqa.selenium.remote.http.W3CHttpResponseCodec.decode(W3CHttpResponseCodec.java:122)
at org.openqa.selenium.remote.http.W3CHttpResponseCodec.decode(W3CHttpResponseCodec.java:49)
at org.openqa.selenium.remote.HttpCommandExecutor.execute(HttpCommandExecutor.java:160)
at org.openqa.selenium.remote.service.DriverCommandExecutor.execute(DriverCommandExecutor.java:83)
at org.openqa.selenium.remote.RemoteWebDriver.execute(RemoteWebDriver.java:601)
at org.openqa.selenium.remote.RemoteWebDriver.findElement(RemoteWebDriver.java:371)
at org.openqa.selenium.remote.RemoteWebDriver.findElementByXPath(RemoteWebDriver.java:473)
at org.openqa.selenium.By$ByXPath.findElement(By.java:361)
at org.openqa.selenium.remote.RemoteWebDriver.findElement(RemoteWebDriver.java:363)
at org.openqa.selenium.support.pagefactory.DefaultElementLocator.findElement(DefaultElementLocator.java:69)
at org.openqa.selenium.support.pagefactory.internal.LocatingElementHandler.invoke(LocatingElementHandler.java:38)
at com.sun.proxy.$Proxy7.isDisplayed(Unknown Source)
at POMPage.LoginPage.verifyErrmsg(LoginPage.java:41)
at Scripts.InvalidLogin.testInValidLogin(InvalidLogin.java:16)
at sun.reflect.NativeMethodAccessorImpl.invoke0(Native Method)
at sun.reflect.NativeMethodAccessorImpl.invoke(NativeMethodAccessorImpl.java:62)
at sun.reflect.DelegatingMethodAccessorImpl.invoke(DelegatingMethodAccessorImpl.java:43)
at java.lang.reflect.Method.invoke(Method.java:498)
at org.testng.internal.MethodInvocationHelper.invokeMethod(MethodInvocationHelper.java:124)
at org.testng.internal.Invoker.invokeMethod(Invoker.java:580)
at org.testng.internal.Invoker.invokeTestMethod(Invoker.java:716)
at org.testng.internal.Invoker.invokeTestMethods(Invoker.java:988)
at org.testng.internal.TestMethodWorker.invokeTestMethods(TestMethodWorker.java:125)
at org.testng.internal.TestMethodWorker.run(TestMethodWorker.java:109)
at org.testng.TestRunner.privateRun(TestRunner.java:648)
at org.testng.TestRunner.run(TestRunner.java:505)
at org.testng.SuiteRunner.runTest(SuiteRunner.java:455)
at org.testng.SuiteRunner.access$000(SuiteRunner.java:40)
at org.testng.SuiteRunner$SuiteWorker.run(SuiteRunner.java:489)
at org.testng.internal.thread.ThreadUtil$1.call(ThreadUtil.java:52)
at java.util.concurrent.FutureTask.run(FutureTask.java:266)
at java.util.concurrent.ThreadPoolExecutor.runWorker(ThreadPoolExecutor.java:1142)
at java.util.concurrent.ThreadPoolExecutor$Worker.run(ThreadPoolExecutor.java:617)
at java.lang.Thread.run(Thread.java:748)
]]>
            </full-stacktrace>
          </exception> <!-- org.openqa.selenium.NoSuchElementException -->
          <reporter-output>
          </reporter-output>
        </test-method> <!-- testInValidLogin -->
        <test-method status="PASS" signature="postCondition()[pri:0, instance:Scripts.InvalidLogin@1e84876]" name="postCondition" is-config="true" duration-ms="18" started-at="2018-02-26T16:12:00Z" finished-at="2018-02-26T16:12:00Z">
          <reporter-output>
          </reporter-output>
        </test-method> <!-- postCondition -->
      </class> <!-- Scripts.InvalidLogin -->
    </test> <!-- TestIE -->
    <test name="TestFF" duration-ms="34903" started-at="2018-02-26T16:11:28Z" finished-at="2018-02-26T16:12:03Z">
      <class name="Scripts.ValidLoginLogout">
        <test-method status="PASS" signature="preCondition(org.testng.xml.XmlTest)[pri:0, instance:Scripts.ValidLoginLogout@17e1986]" name="preCondition" is-config="true" duration-ms="14438" started-at="2018-02-26T16:11:28Z" finished-at="2018-02-26T16:11:42Z">
          <params>
            <param index="0">
              <value>
                <![CDATA[org.testng.xml.XmlTest@eb405999]]>
              </value>
            </param>
          </params>
          <reporter-output>
          </reporter-output>
        </test-method> <!-- preCondition -->
        <test-method status="PASS" signature="testValidLoginLogout()[pri:0, instance:Scripts.ValidLoginLogout@17e1986]" name="testValidLoginLogout" duration-ms="6476" started-at="2018-02-26T16:11:42Z" finished-at="2018-02-26T16:11:49Z">
          <reporter-output>
          </reporter-output>
        </test-method> <!-- testValidLoginLogout -->
        <test-method status="PASS" signature="postCondition()[pri:0, instance:Scripts.ValidLoginLogout@17e1986]" name="postCondition" is-config="true" duration-ms="673" started-at="2018-02-26T16:11:49Z" finished-at="2018-02-26T16:11:49Z">
          <reporter-output>
          </reporter-output>
        </test-method> <!-- postCondition -->
      </class> <!-- Scripts.ValidLoginLogout -->
      <class name="Scripts.InvalidLogin">
        <test-method status="PASS" signature="preCondition(org.testng.xml.XmlTest)[pri:0, instance:Scripts.InvalidLogin@f67b76]" name="preCondition" is-config="true" duration-ms="10172" started-at="2018-02-26T16:11:49Z" finished-at="2018-02-26T16:11:59Z">
          <params>
            <param index="0">
              <value>
                <![CDATA[org.testng.xml.XmlTest@eb405999]]>
              </value>
            </param>
          </params>
          <reporter-output>
          </reporter-output>
        </test-method> <!-- preCondition -->
        <test-method status="PASS" signature="testInValidLogin()[pri:0, instance:Scripts.InvalidLogin@f67b76]" name="testInValidLogin" duration-ms="2223" started-at="2018-02-26T16:11:59Z" finished-at="2018-02-26T16:12:02Z">
          <reporter-output>
          </reporter-output>
        </test-method> <!-- testInValidLogin -->
        <test-method status="PASS" signature="postCondition()[pri:0, instance:Scripts.InvalidLogin@f67b76]" name="postCondition" is-config="true" duration-ms="913" started-at="2018-02-26T16:12:02Z" finished-at="2018-02-26T16:12:03Z">
          <reporter-output>
          </reporter-output>
        </test-method> <!-- postCondition -->
      </class> <!-- Scripts.InvalidLogin -->
    </test> <!-- TestFF -->
  </suite> <!-- Suite -->
</testng-results>
